
> phaser-jump@1.0.0 dev C:\Users\jacob davison\Documents\nodeProjects\phaser-jump
> npm-run-all --parallel devserver packdev

events.js:160
      throw er; // Unhandled 'error' event
      ^

Error: EPERM: operation not permitted, read
    at Error (native)

npm ERR! Windows_NT 10.0.14393
npm ERR! argv "C:\\Program Files\\nodejs\\node.exe" "C:\\Users\\jacob davison\\AppData\\Roaming\\npm\\node_modules\\npm\\bin\\npm-cli.js" "run" "dev"
npm ERR! node v6.9.1
npm ERR! npm  v4.0.3
npm ERR! code ELIFECYCLE
npm ERR! phaser-jump@1.0.0 dev: `npm-run-all --parallel devserver packdev`
npm ERR! Exit status 1
npm ERR! 
npm ERR! Failed at the phaser-jump@1.0.0 dev script 'npm-run-all --parallel devserver packdev'.
npm ERR! Make sure you have the latest version of node.js and npm installed.
npm ERR! If you do, this is most likely a problem with the phaser-jump package,
npm ERR! not with npm itself.
npm ERR! Tell the author that this fails on your system:
npm ERR!     npm-run-all --parallel devserver packdev
npm ERR! You can get information on how to open an issue for this project with:
npm ERR!     npm bugs phaser-jump
npm ERR! Or if that isn't available, you can get their info via:
npm ERR!     npm owner ls phaser-jump
npm ERR! There is likely additional logging output above.

npm ERR! Please include the following file with any support request:
npm ERR!     C:\Users\jacob davison\Documents\nodeProjects\phaser-jump\npm-debug.log
